<?xml version="1.0" encoding="UTF-8"?>
<testng-results ignored="0" total="1" passed="1" failed="0" skipped="0">
  <reporter-output>
  </reporter-output>
  <suite started-at="2025-05-27T18:53:55 IST" name="Default suite" finished-at="2025-05-27T18:54:03 IST" duration-ms="7989">
    <groups>
    </groups>
    <test started-at="2025-05-27T18:53:55 IST" name="Default test" finished-at="2025-05-27T18:54:03 IST" duration-ms="7989">
      <class name="Learning.ExtentReport.ExtentReportDemo">
        <test-method is-config="true" signature="extentReport()[pri:0, instance:Learning.ExtentReport.ExtentReportDemo@67f639d3]" started-at="2025-05-27T18:53:55 IST" name="extentReport" finished-at="2025-05-27T18:53:55 IST" duration-ms="247" status="PASS">
          <reporter-output>
          </reporter-output>
        </test-method> <!-- extentReport -->
        <test-method signature="demo()[pri:0, instance:Learning.ExtentReport.ExtentReportDemo@67f639d3]" started-at="2025-05-27T18:53:55 IST" name="demo" finished-at="2025-05-27T18:54:03 IST" duration-ms="7707" status="PASS">
          <reporter-output>
          </reporter-output>
        </test-method> <!-- demo -->
      </class> <!-- Learning.ExtentReport.ExtentReportDemo -->
    </test> <!-- Default test -->
  </suite> <!-- Default suite -->
</testng-results>
